Using pre-set license
Built from '2020.3/staging' branch; Version is '2020.3.11f1 (99c7afb366b3) revision 10078127'; Using compiler version '192528614'; Build Type 'Release'
OS: 'Windows 10 Enterprise; OS build 16299.309; Version 1709; 64bit' Language: 'ru' Physical Memory: 10344 MB
BatchMode: 1, IsHumanControllingUs: 0, StartBugReporterOnCrash: 0, Is64bit: 1, IsPro: 0

 COMMAND LINE ARGUMENTS:
D:\Program Files\Unity\2020.3.11f1\Editor\Unity.exe
-adb2
-batchMode
-noUpm
-name
AssetImportWorker0
-projectPath
D:/6sem/project game/Egypt-main/DungeonProt
-logFile
Logs/AssetImportWorker0.log
-srvPort
63777
Successfully changed project path to: D:/6sem/project game/Egypt-main/DungeonProt
D:/6sem/project game/Egypt-main/DungeonProt
Using Asset Import Pipeline V2.
Refreshing native plugins compatible for Editor in 156.93 ms, found 3 plugins.
Preloading 0 native plugins for Editor in 0.00 ms.
Initialize engine version: 2020.3.11f1 (99c7afb366b3)
[Subsystems] Discovering subsystems at path D:/Program Files/Unity/2020.3.11f1/Editor/Data/Resources/UnitySubsystems
[Subsystems] Discovering subsystems at path D:/6sem/project game/Egypt-main/DungeonProt/Assets
GfxDevice: creating device client; threaded=0
Direct3D:
    Version:  Direct3D 11.0 [level 11.1]
    Renderer: Intel(R) UHD Graphics 620 (ID=0x5917)
    Vendor:   
    VRAM:     5172 MB
    Driver:   25.20.100.6518
Initialize mono
Mono path[0] = 'D:/Program Files/Unity/2020.3.11f1/Editor/Data/Managed'
Mono path[1] = 'D:/Program Files/Unity/2020.3.11f1/Editor/Data/MonoBleedingEdge/lib/mono/unityjit'
Mono config path = 'D:/Program Files/Unity/2020.3.11f1/Editor/Data/MonoBleedingEdge/etc'
Using monoOptions --debugger-agent=transport=dt_socket,embedding=1,server=y,suspend=n,address=127.0.0.1:56016
Begin MonoManager ReloadAssembly
Registering precompiled unity dll's ...
Register platform support module: D:/Program Files/Unity/2020.3.11f1/Editor/Data/PlaybackEngines/WebGLSupport/UnityEditor.WebGL.Extensions.dll
Register platform support module: D:/Program Files/Unity/2020.3.11f1/Editor/Data/PlaybackEngines/WindowsStandaloneSupport/UnityEditor.WindowsStandalone.Extensions.dll
Registered in 0.002831 seconds.
Native extension for WindowsStandalone target not found
Native extension for WebGL target not found
Refreshing native plugins compatible for Editor in 91.80 ms, found 3 plugins.
Preloading 0 native plugins for Editor in 0.00 ms.
Mono: successfully reloaded assembly
- Completed reload, in  2.197 seconds
Platform modules already initialized, skipping
Registering precompiled user dll's ...
Registered in 0.007058 seconds.
Begin MonoManager ReloadAssembly
Native extension for WindowsStandalone target not found
Native extension for WebGL target not found
Refreshing native plugins compatible for Editor in 108.99 ms, found 3 plugins.
Preloading 0 native plugins for Editor in 0.00 ms.
Mono: successfully reloaded assembly
- Completed reload, in  2.434 seconds
Platform modules already initialized, skipping
========================================================================
Worker process is ready to serve import requests
Launched and connected shader compiler UnityShaderCompiler.exe after 0.08 seconds
Refreshing native plugins compatible for Editor in 1.31 ms, found 3 plugins.
Preloading 0 native plugins for Editor in 0.00 ms.
Unloading 2084 Unused Serialized files (Serialized files now loaded: 0)
System memory in use before: 92.8 MB.
System memory in use after: 92.9 MB.

Unloading 28 unused Assets to reduce memory usage. Loaded Objects now: 2523.
Total: 4.600804 ms (FindLiveObjects: 0.402506 ms CreateObjectMapping: 0.183518 ms MarkObjects: 3.861077 ms  DeleteObjects: 0.149076 ms)

========================================================================
Received Import Request.
  path: Assets/Scripts/PlayerMovement.cs
  artifactKey: Guid(c05998cd72eca7446a165d282d43529a) Importer(815301076,1909f56bfc062723c751e8b465ee728b)
Start importing Assets/Scripts/PlayerMovement.cs using Guid(c05998cd72eca7446a165d282d43529a) Importer(815301076,1909f56bfc062723c751e8b465ee728b)  -> (artifact id: '77b239be23933576953e94dbaf6006c9') in 0.073476 seconds
  Import took 0.698662 seconds .

========================================================================
Received Prepare
Registering precompiled user dll's ...
Registered in 0.009659 seconds.
Begin MonoManager ReloadAssembly
Native extension for WindowsStandalone target not found
Native extension for WebGL target not found
Refreshing native plugins compatible for Editor in 0.97 ms, found 3 plugins.
Preloading 0 native plugins for Editor in 0.00 ms.
Mono: successfully reloaded assembly
- Completed reload, in  2.865 seconds
Platform modules already initialized, skipping
Refreshing native plugins compatible for Editor in 1.37 ms, found 3 plugins.
Preloading 0 native plugins for Editor in 0.00 ms.
Unloading 2075 Unused Serialized files (Serialized files now loaded: 0)
System memory in use before: 92.4 MB.
System memory in use after: 92.5 MB.

Unloading 17 unused Assets to reduce memory usage. Loaded Objects now: 2526.
Total: 7.283665 ms (FindLiveObjects: 0.520739 ms CreateObjectMapping: 0.243663 ms MarkObjects: 6.456548 ms  DeleteObjects: 0.060145 ms)

========================================================================
Received Import Request.
  Time since last request: 209.840740 seconds.
  path: Assets/Scripts/Room.cs
  artifactKey: Guid(289d1a41af42c4e438bf8482aa557272) Importer(815301076,1909f56bfc062723c751e8b465ee728b)
Start importing Assets/Scripts/Room.cs using Guid(289d1a41af42c4e438bf8482aa557272) Importer(815301076,1909f56bfc062723c751e8b465ee728b)  -> (artifact id: 'bf5bddaf20dfe511563a7ae6aea29896') in 0.009542 seconds
  Import took 0.017283 seconds .

========================================================================
Received Import Request.
  Time since last request: 2.897382 seconds.
  path: Assets/Scripts/CameraMovement.cs
  artifactKey: Guid(5e272120d6cc40240a4cf288272de84c) Importer(815301076,1909f56bfc062723c751e8b465ee728b)
Start importing Assets/Scripts/CameraMovement.cs using Guid(5e272120d6cc40240a4cf288272de84c) Importer(815301076,1909f56bfc062723c751e8b465ee728b)  -> (artifact id: '5f40dc681658bcf079f123519e1f9183') in 0.005240 seconds
  Import took 0.012015 seconds .

========================================================================
Received Import Request.
  Time since last request: 0.001559 seconds.
  path: Assets/Scripts/CameraMovement.cs
  artifactKey: Guid(5e272120d6cc40240a4cf288272de84c) Importer(815301076,1909f56bfc062723c751e8b465ee728b)
Start importing Assets/Scripts/CameraMovement.cs using Guid(5e272120d6cc40240a4cf288272de84c) Importer(815301076,1909f56bfc062723c751e8b465ee728b)  -> (artifact id: '5f40dc681658bcf079f123519e1f9183') in 0.005501 seconds
  Import took 0.014296 seconds .

========================================================================
Received Import Request.
  Time since last request: 1.425831 seconds.
  path: Assets/Scripts/MapBuider.cs
  artifactKey: Guid(2d89f17715638ab44bca5df355718505) Importer(815301076,1909f56bfc062723c751e8b465ee728b)
Start importing Assets/Scripts/MapBuider.cs using Guid(2d89f17715638ab44bca5df355718505) Importer(815301076,1909f56bfc062723c751e8b465ee728b)  -> (artifact id: '093849ac4256ecc6d21b787c2c63e507') in 0.005508 seconds
  Import took 0.013455 seconds .

========================================================================
Received Prepare
Registering precompiled user dll's ...
Registered in 0.006620 seconds.
Begin MonoManager ReloadAssembly
Native extension for WindowsStandalone target not found
Native extension for WebGL target not found
Refreshing native plugins compatible for Editor in 1.31 ms, found 3 plugins.
Preloading 0 native plugins for Editor in 0.00 ms.
Mono: successfully reloaded assembly
- Completed reload, in  4.036 seconds
Platform modules already initialized, skipping
Refreshing native plugins compatible for Editor in 2.18 ms, found 3 plugins.
Preloading 0 native plugins for Editor in 0.00 ms.
Unloading 2075 Unused Serialized files (Serialized files now loaded: 0)
System memory in use before: 92.5 MB.
System memory in use after: 92.6 MB.

Unloading 17 unused Assets to reduce memory usage. Loaded Objects now: 2529.
Total: 9.332179 ms (FindLiveObjects: 0.538217 ms CreateObjectMapping: 0.486297 ms MarkObjects: 8.249576 ms  DeleteObjects: 0.055518 ms)

========================================================================
Received Prepare
Registering precompiled user dll's ...
Registered in 0.007171 seconds.
Begin MonoManager ReloadAssembly
Native extension for WindowsStandalone target not found
Native extension for WebGL target not found
Refreshing native plugins compatible for Editor in 1.01 ms, found 3 plugins.
Preloading 0 native plugins for Editor in 0.00 ms.
Mono: successfully reloaded assembly
- Completed reload, in  3.655 seconds
Platform modules already initialized, skipping
Refreshing native plugins compatible for Editor in 1.71 ms, found 3 plugins.
Preloading 0 native plugins for Editor in 0.00 ms.
Unloading 2075 Unused Serialized files (Serialized files now loaded: 0)
System memory in use before: 92.5 MB.
System memory in use after: 92.6 MB.

Unloading 17 unused Assets to reduce memory usage. Loaded Objects now: 2532.
Total: 9.641641 ms (FindLiveObjects: 0.558265 ms CreateObjectMapping: 0.356755 ms MarkObjects: 8.534364 ms  DeleteObjects: 0.189173 ms)

========================================================================
Received Prepare
Registering precompiled user dll's ...
Registered in 0.007791 seconds.
Begin MonoManager ReloadAssembly
Native extension for WindowsStandalone target not found
Native extension for WebGL target not found
Refreshing native plugins compatible for Editor in 0.90 ms, found 3 plugins.
Preloading 0 native plugins for Editor in 0.00 ms.
Mono: successfully reloaded assembly
- Completed reload, in  2.321 seconds
Platform modules already initialized, skipping
Refreshing native plugins compatible for Editor in 1.56 ms, found 3 plugins.
Preloading 0 native plugins for Editor in 0.00 ms.
Unloading 2075 Unused Serialized files (Serialized files now loaded: 0)
System memory in use before: 92.5 MB.
System memory in use after: 92.6 MB.

Unloading 17 unused Assets to reduce memory usage. Loaded Objects now: 2535.
Total: 6.791199 ms (FindLiveObjects: 0.518169 ms CreateObjectMapping: 0.266795 ms MarkObjects: 5.940949 ms  DeleteObjects: 0.062715 ms)

========================================================================
Received Prepare
Registering precompiled user dll's ...
Registered in 0.006829 seconds.
Begin MonoManager ReloadAssembly
Native extension for WindowsStandalone target not found
Native extension for WebGL target not found
Refreshing native plugins compatible for Editor in 1.13 ms, found 3 plugins.
Preloading 0 native plugins for Editor in 0.00 ms.
Mono: successfully reloaded assembly
- Completed reload, in  3.630 seconds
Platform modules already initialized, skipping
Refreshing native plugins compatible for Editor in 1.41 ms, found 3 plugins.
Preloading 0 native plugins for Editor in 0.00 ms.
Unloading 2075 Unused Serialized files (Serialized files now loaded: 0)
System memory in use before: 92.5 MB.
System memory in use after: 92.6 MB.

Unloading 17 unused Assets to reduce memory usage. Loaded Objects now: 2538.
Total: 6.808676 ms (FindLiveObjects: 0.534105 ms CreateObjectMapping: 0.247775 ms MarkObjects: 5.968708 ms  DeleteObjects: 0.054490 ms)

========================================================================
Received Prepare
Registering precompiled user dll's ...
Registered in 0.006703 seconds.
Begin MonoManager ReloadAssembly
Native extension for WindowsStandalone target not found
Native extension for WebGL target not found
Refreshing native plugins compatible for Editor in 1.59 ms, found 3 plugins.
Preloading 0 native plugins for Editor in 0.00 ms.
Mono: successfully reloaded assembly
- Completed reload, in  4.552 seconds
Platform modules already initialized, skipping
Refreshing native plugins compatible for Editor in 1.57 ms, found 3 plugins.
Preloading 0 native plugins for Editor in 0.00 ms.
Unloading 2075 Unused Serialized files (Serialized files now loaded: 0)
System memory in use before: 92.5 MB.
System memory in use after: 92.6 MB.

Unloading 17 unused Assets to reduce memory usage. Loaded Objects now: 2541.
Total: 11.657770 ms (FindLiveObjects: 2.192450 ms CreateObjectMapping: 0.670329 ms MarkObjects: 8.729191 ms  DeleteObjects: 0.055004 ms)

========================================================================
Received Prepare
Registering precompiled user dll's ...
Registered in 0.006990 seconds.
Begin MonoManager ReloadAssembly
Native extension for WindowsStandalone target not found
Native extension for WebGL target not found
Refreshing native plugins compatible for Editor in 0.87 ms, found 3 plugins.
Preloading 0 native plugins for Editor in 0.00 ms.
Mono: successfully reloaded assembly
- Completed reload, in  2.204 seconds
Platform modules already initialized, skipping
Refreshing native plugins compatible for Editor in 1.32 ms, found 3 plugins.
Preloading 0 native plugins for Editor in 0.00 ms.
Unloading 2075 Unused Serialized files (Serialized files now loaded: 0)
System memory in use before: 92.5 MB.
System memory in use after: 92.7 MB.

Unloading 17 unused Assets to reduce memory usage. Loaded Objects now: 2544.
Total: 4.383359 ms (FindLiveObjects: 0.363438 ms CreateObjectMapping: 0.229783 ms MarkObjects: 3.733077 ms  DeleteObjects: 0.054490 ms)

========================================================================
Received Import Request.
  Time since last request: 2247.418296 seconds.
  path: Assets/Animations/Player/PlayerIdleBack.anim
  artifactKey: Guid(1f37fbb54586526418a0ad21930311c0) Importer(815301076,1909f56bfc062723c751e8b465ee728b)
Start importing Assets/Animations/Player/PlayerIdleBack.anim using Guid(1f37fbb54586526418a0ad21930311c0) Importer(815301076,1909f56bfc062723c751e8b465ee728b)  -> (artifact id: 'c1d5eba53de1297d377066604cd3db35') in 0.042150 seconds
  Import took 0.098360 seconds .

========================================================================
Received Import Request.
  Time since last request: 34.907172 seconds.
  path: Assets/Animations/Player/PlayerIdleFront.anim
  artifactKey: Guid(c940550ced020514d9679ec535027ad1) Importer(815301076,1909f56bfc062723c751e8b465ee728b)
Start importing Assets/Animations/Player/PlayerIdleFront.anim using Guid(c940550ced020514d9679ec535027ad1) Importer(815301076,1909f56bfc062723c751e8b465ee728b)  -> (artifact id: '6e302acb5e7a567808205bfb29e1d88b') in 0.007488 seconds
  Import took 0.141360 seconds .

========================================================================
Received Import Request.
  Time since last request: 3.169433 seconds.
  path: Assets/Animations/Player/PlayerIdleSide.anim
  artifactKey: Guid(a245a285660a6484fb7e559b8a1ab44b) Importer(815301076,1909f56bfc062723c751e8b465ee728b)
Start importing Assets/Animations/Player/PlayerIdleSide.anim using Guid(a245a285660a6484fb7e559b8a1ab44b) Importer(815301076,1909f56bfc062723c751e8b465ee728b)  -> (artifact id: 'cba164624282a7c2cca82c299433baa7') in 0.006767 seconds
  Import took 0.063244 seconds .

========================================================================
Received Import Request.
  Time since last request: 101.465289 seconds.
  path: Assets/Animations/Player/res/Walk/walk_side/hero-walk-side-3.png
  artifactKey: Guid(b170a1df72898804f9e50ccd5553db49) Importer(815301076,1909f56bfc062723c751e8b465ee728b)
Start importing Assets/Animations/Player/res/Walk/walk_side/hero-walk-side-3.png using Guid(b170a1df72898804f9e50ccd5553db49) Importer(815301076,1909f56bfc062723c751e8b465ee728b)  -> (artifact id: 'a1bcf49ab738dd93461b6dc417cabb60') in 0.382309 seconds
  Import took 0.414393 seconds .

========================================================================
Received Prepare
Registering precompiled user dll's ...
Registered in 0.011425 seconds.
Begin MonoManager ReloadAssembly
Native extension for WindowsStandalone target not found
Native extension for WebGL target not found
Refreshing native plugins compatible for Editor in 1.27 ms, found 3 plugins.
Preloading 0 native plugins for Editor in 0.00 ms.
Mono: successfully reloaded assembly
- Completed reload, in  3.561 seconds
Platform modules already initialized, skipping
Refreshing native plugins compatible for Editor in 1.44 ms, found 3 plugins.
Preloading 0 native plugins for Editor in 0.00 ms.
Unloading 2075 Unused Serialized files (Serialized files now loaded: 0)
System memory in use before: 95.5 MB.
System memory in use after: 95.6 MB.

Unloading 17 unused Assets to reduce memory usage. Loaded Objects now: 2553.
Total: 10.077561 ms (FindLiveObjects: 0.909880 ms CreateObjectMapping: 0.361896 ms MarkObjects: 8.688581 ms  DeleteObjects: 0.113606 ms)

AssetImportWorkerClient::OnTransportError - code=2 error=End of file
